<?xml version="1.0" encoding="UTF-8"?>
<testsuite xmlns:xsi="http://www.w3.org/2001/XMLSchema-instance" xsi:noNamespaceSchemaLocation="https://maven.apache.org/surefire/maven-surefire-plugin/xsd/surefire-test-report-3.0.xsd" version="3.0" name="com.example.demorabbit.DemorabbitApplicationTests" time="4.175" tests="1" errors="0" skipped="0" failures="0">
  <properties>
    <property name="java.specification.version" value="17"/>
    <property name="sun.cpu.isalist" value="amd64"/>
    <property name="sun.jnu.encoding" value="Cp1252"/>
    <property name="java.class.path" value="D:\demorabbit\target\test-classes;D:\demorabbit\target\classes;C:\Users\Pham Sy Chien\.m2\repository\org\springframework\boot\spring-boot-starter-web\3.3.2-SNAPSHOT\spring-boot-starter-web-3.3.2-SNAPSHOT.jar;C:\Users\Pham Sy Chien\.m2\repository\org\springframework\boot\spring-boot-starter\3.3.2-SNAPSHOT\spring-boot-starter-3.3.2-SNAPSHOT.jar;C:\Users\Pham Sy Chien\.m2\repository\org\springframework\boot\spring-boot\3.3.2-SNAPSHOT\spring-boot-3.3.2-SNAPSHOT.jar;C:\Users\Pham Sy Chien\.m2\repository\org\springframework\boot\spring-boot-autoconfigure\3.3.2-SNAPSHOT\spring-boot-autoconfigure-3.3.2-SNAPSHOT.jar;C:\Users\Pham Sy Chien\.m2\repository\org\springframework\boot\spring-boot-starter-logging\3.3.2-SNAPSHOT\spring-boot-starter-logging-3.3.2-SNAPSHOT.jar;C:\Users\Pham Sy Chien\.m2\repository\ch\qos\logback\logback-classic\1.5.6\logback-classic-1.5.6.jar;C:\Users\Pham Sy Chien\.m2\repository\ch\qos\logback\logback-core\1.5.6\logback-core-1.5.6.jar;C:\Users\Pham Sy Chien\.m2\repository\org\apache\logging\log4j\log4j-to-slf4j\2.23.1\log4j-to-slf4j-2.23.1.jar;C:\Users\Pham Sy Chien\.m2\repository\org\apache\logging\log4j\log4j-api\2.23.1\log4j-api-2.23.1.jar;C:\Users\Pham Sy Chien\.m2\repository\org\slf4j\jul-to-slf4j\2.0.13\jul-to-slf4j-2.0.13.jar;C:\Users\Pham Sy Chien\.m2\repository\jakarta\annotation\jakarta.annotation-api\2.1.1\jakarta.annotation-api-2.1.1.jar;C:\Users\Pham Sy Chien\.m2\repository\org\yaml\snakeyaml\2.2\snakeyaml-2.2.jar;C:\Users\Pham Sy Chien\.m2\repository\org\springframework\boot\spring-boot-starter-json\3.3.2-SNAPSHOT\spring-boot-starter-json-3.3.2-SNAPSHOT.jar;C:\Users\Pham Sy Chien\.m2\repository\com\fasterxml\jackson\core\jackson-databind\2.17.2\jackson-databind-2.17.2.jar;C:\Users\Pham Sy Chien\.m2\repository\com\fasterxml\jackson\core\jackson-annotations\2.17.2\jackson-annotations-2.17.2.jar;C:\Users\Pham Sy Chien\.m2\repository\com\fasterxml\jackson\core\jackson-core\2.17.2\jackson-core-2.17.2.jar;C:\Users\Pham Sy Chien\.m2\repository\com\fasterxml\jackson\datatype\jackson-datatype-jdk8\2.17.2\jackson-datatype-jdk8-2.17.2.jar;C:\Users\Pham Sy Chien\.m2\repository\com\fasterxml\jackson\datatype\jackson-datatype-jsr310\2.17.2\jackson-datatype-jsr310-2.17.2.jar;C:\Users\Pham Sy Chien\.m2\repository\com\fasterxml\jackson\module\jackson-module-parameter-names\2.17.2\jackson-module-parameter-names-2.17.2.jar;C:\Users\Pham Sy Chien\.m2\repository\org\springframework\boot\spring-boot-starter-tomcat\3.3.2-SNAPSHOT\spring-boot-starter-tomcat-3.3.2-SNAPSHOT.jar;C:\Users\Pham Sy Chien\.m2\repository\org\apache\tomcat\embed\tomcat-embed-core\10.1.26\tomcat-embed-core-10.1.26.jar;C:\Users\Pham Sy Chien\.m2\repository\org\apache\tomcat\embed\tomcat-embed-el\10.1.26\tomcat-embed-el-10.1.26.jar;C:\Users\Pham Sy Chien\.m2\repository\org\apache\tomcat\embed\tomcat-embed-websocket\10.1.26\tomcat-embed-websocket-10.1.26.jar;C:\Users\Pham Sy Chien\.m2\repository\org\springframework\spring-web\6.1.11\spring-web-6.1.11.jar;C:\Users\Pham Sy Chien\.m2\repository\org\springframework\spring-beans\6.1.11\spring-beans-6.1.11.jar;C:\Users\Pham Sy Chien\.m2\repository\io\micrometer\micrometer-observation\1.13.2\micrometer-observation-1.13.2.jar;C:\Users\Pham Sy Chien\.m2\repository\io\micrometer\micrometer-commons\1.13.2\micrometer-commons-1.13.2.jar;C:\Users\Pham Sy Chien\.m2\repository\org\springframework\spring-webmvc\6.1.11\spring-webmvc-6.1.11.jar;C:\Users\Pham Sy Chien\.m2\repository\org\springframework\spring-aop\6.1.11\spring-aop-6.1.11.jar;C:\Users\Pham Sy Chien\.m2\repository\org\springframework\spring-context\6.1.11\spring-context-6.1.11.jar;C:\Users\Pham Sy Chien\.m2\repository\org\springframework\spring-expression\6.1.11\spring-expression-6.1.11.jar;C:\Users\Pham Sy Chien\.m2\repository\org\springframework\boot\spring-boot-starter-test\3.3.2-SNAPSHOT\spring-boot-starter-test-3.3.2-SNAPSHOT.jar;C:\Users\Pham Sy Chien\.m2\repository\org\springframework\boot\spring-boot-test\3.3.2-SNAPSHOT\spring-boot-test-3.3.2-SNAPSHOT.jar;C:\Users\Pham Sy Chien\.m2\repository\org\springframework\boot\spring-boot-test-autoconfigure\3.3.2-SNAPSHOT\spring-boot-test-autoconfigure-3.3.2-SNAPSHOT.jar;C:\Users\Pham Sy Chien\.m2\repository\com\jayway\jsonpath\json-path\2.9.0\json-path-2.9.0.jar;C:\Users\Pham Sy Chien\.m2\repository\org\slf4j\slf4j-api\2.0.13\slf4j-api-2.0.13.jar;C:\Users\Pham Sy Chien\.m2\repository\jakarta\xml\bind\jakarta.xml.bind-api\4.0.2\jakarta.xml.bind-api-4.0.2.jar;C:\Users\Pham Sy Chien\.m2\repository\jakarta\activation\jakarta.activation-api\2.1.3\jakarta.activation-api-2.1.3.jar;C:\Users\Pham Sy Chien\.m2\repository\net\minidev\json-smart\2.5.1\json-smart-2.5.1.jar;C:\Users\Pham Sy Chien\.m2\repository\net\minidev\accessors-smart\2.5.1\accessors-smart-2.5.1.jar;C:\Users\Pham Sy Chien\.m2\repository\org\ow2\asm\asm\9.6\asm-9.6.jar;C:\Users\Pham Sy Chien\.m2\repository\org\assertj\assertj-core\3.25.3\assertj-core-3.25.3.jar;C:\Users\Pham Sy Chien\.m2\repository\net\bytebuddy\byte-buddy\1.14.18\byte-buddy-1.14.18.jar;C:\Users\Pham Sy Chien\.m2\repository\org\awaitility\awaitility\4.2.1\awaitility-4.2.1.jar;C:\Users\Pham Sy Chien\.m2\repository\org\hamcrest\hamcrest\2.2\hamcrest-2.2.jar;C:\Users\Pham Sy Chien\.m2\repository\org\junit\jupiter\junit-jupiter\5.10.3\junit-jupiter-5.10.3.jar;C:\Users\Pham Sy Chien\.m2\repository\org\junit\jupiter\junit-jupiter-api\5.10.3\junit-jupiter-api-5.10.3.jar;C:\Users\Pham Sy Chien\.m2\repository\org\opentest4j\opentest4j\1.3.0\opentest4j-1.3.0.jar;C:\Users\Pham Sy Chien\.m2\repository\org\junit\platform\junit-platform-commons\1.10.3\junit-platform-commons-1.10.3.jar;C:\Users\Pham Sy Chien\.m2\repository\org\apiguardian\apiguardian-api\1.1.2\apiguardian-api-1.1.2.jar;C:\Users\Pham Sy Chien\.m2\repository\org\junit\jupiter\junit-jupiter-params\5.10.3\junit-jupiter-params-5.10.3.jar;C:\Users\Pham Sy Chien\.m2\repository\org\junit\jupiter\junit-jupiter-engine\5.10.3\junit-jupiter-engine-5.10.3.jar;C:\Users\Pham Sy Chien\.m2\repository\org\junit\platform\junit-platform-engine\1.10.3\junit-platform-engine-1.10.3.jar;C:\Users\Pham Sy Chien\.m2\repository\org\mockito\mockito-core\5.11.0\mockito-core-5.11.0.jar;C:\Users\Pham Sy Chien\.m2\repository\net\bytebuddy\byte-buddy-agent\1.14.18\byte-buddy-agent-1.14.18.jar;C:\Users\Pham Sy Chien\.m2\repository\org\objenesis\objenesis\3.3\objenesis-3.3.jar;C:\Users\Pham Sy Chien\.m2\repository\org\mockito\mockito-junit-jupiter\5.11.0\mockito-junit-jupiter-5.11.0.jar;C:\Users\Pham Sy Chien\.m2\repository\org\skyscreamer\jsonassert\1.5.3\jsonassert-1.5.3.jar;C:\Users\Pham Sy Chien\.m2\repository\com\vaadin\external\google\android-json\0.0.20131108.vaadin1\android-json-0.0.20131108.vaadin1.jar;C:\Users\Pham Sy Chien\.m2\repository\org\springframework\spring-core\6.1.11\spring-core-6.1.11.jar;C:\Users\Pham Sy Chien\.m2\repository\org\springframework\spring-jcl\6.1.11\spring-jcl-6.1.11.jar;C:\Users\Pham Sy Chien\.m2\repository\org\springframework\spring-test\6.1.11\spring-test-6.1.11.jar;C:\Users\Pham Sy Chien\.m2\repository\org\xmlunit\xmlunit-core\2.9.1\xmlunit-core-2.9.1.jar;"/>
    <property name="java.vm.vendor" value="Oracle Corporation"/>
    <property name="sun.arch.data.model" value="64"/>
    <property name="user.variant" value=""/>
    <property name="java.vendor.url" value="https://java.oracle.com/"/>
    <property name="user.timezone" value="Asia/Saigon"/>
    <property name="os.name" value="Windows 10"/>
    <property name="java.vm.specification.version" value="17"/>
    <property name="sun.java.launcher" value="SUN_STANDARD"/>
    <property name="user.country" value="US"/>
    <property name="sun.boot.library.path" value="C:\Program Files\Java\jdk-17\bin"/>
    <property name="sun.java.command" value="C:\Users\Pham Sy Chien\AppData\Local\Temp\surefire12149980716841152587\surefirebooter-20240716231643650_3.jar C:\Users\Pham Sy Chien\AppData\Local\Temp\surefire12149980716841152587 2024-07-16T23-16-43_486-jvmRun1 surefire-20240716231643650_1tmp surefire_0-20240716231643650_2tmp"/>
    <property name="jdk.debug" value="release"/>
    <property name="surefire.test.class.path" value="D:\demorabbit\target\test-classes;D:\demorabbit\target\classes;C:\Users\Pham Sy Chien\.m2\repository\org\springframework\boot\spring-boot-starter-web\3.3.2-SNAPSHOT\spring-boot-starter-web-3.3.2-SNAPSHOT.jar;C:\Users\Pham Sy Chien\.m2\repository\org\springframework\boot\spring-boot-starter\3.3.2-SNAPSHOT\spring-boot-starter-3.3.2-SNAPSHOT.jar;C:\Users\Pham Sy Chien\.m2\repository\org\springframework\boot\spring-boot\3.3.2-SNAPSHOT\spring-boot-3.3.2-SNAPSHOT.jar;C:\Users\Pham Sy Chien\.m2\repository\org\springframework\boot\spring-boot-autoconfigure\3.3.2-SNAPSHOT\spring-boot-autoconfigure-3.3.2-SNAPSHOT.jar;C:\Users\Pham Sy Chien\.m2\repository\org\springframework\boot\spring-boot-starter-logging\3.3.2-SNAPSHOT\spring-boot-starter-logging-3.3.2-SNAPSHOT.jar;C:\Users\Pham Sy Chien\.m2\repository\ch\qos\logback\logback-classic\1.5.6\logback-classic-1.5.6.jar;C:\Users\Pham Sy Chien\.m2\repository\ch\qos\logback\logback-core\1.5.6\logback-core-1.5.6.jar;C:\Users\Pham Sy Chien\.m2\repository\org\apache\logging\log4j\log4j-to-slf4j\2.23.1\log4j-to-slf4j-2.23.1.jar;C:\Users\Pham Sy Chien\.m2\repository\org\apache\logging\log4j\log4j-api\2.23.1\log4j-api-2.23.1.jar;C:\Users\Pham Sy Chien\.m2\repository\org\slf4j\jul-to-slf4j\2.0.13\jul-to-slf4j-2.0.13.jar;C:\Users\Pham Sy Chien\.m2\repository\jakarta\annotation\jakarta.annotation-api\2.1.1\jakarta.annotation-api-2.1.1.jar;C:\Users\Pham Sy Chien\.m2\repository\org\yaml\snakeyaml\2.2\snakeyaml-2.2.jar;C:\Users\Pham Sy Chien\.m2\repository\org\springframework\boot\spring-boot-starter-json\3.3.2-SNAPSHOT\spring-boot-starter-json-3.3.2-SNAPSHOT.jar;C:\Users\Pham Sy Chien\.m2\repository\com\fasterxml\jackson\core\jackson-databind\2.17.2\jackson-databind-2.17.2.jar;C:\Users\Pham Sy Chien\.m2\repository\com\fasterxml\jackson\core\jackson-annotations\2.17.2\jackson-annotations-2.17.2.jar;C:\Users\Pham Sy Chien\.m2\repository\com\fasterxml\jackson\core\jackson-core\2.17.2\jackson-core-2.17.2.jar;C:\Users\Pham Sy Chien\.m2\repository\com\fasterxml\jackson\datatype\jackson-datatype-jdk8\2.17.2\jackson-datatype-jdk8-2.17.2.jar;C:\Users\Pham Sy Chien\.m2\repository\com\fasterxml\jackson\datatype\jackson-datatype-jsr310\2.17.2\jackson-datatype-jsr310-2.17.2.jar;C:\Users\Pham Sy Chien\.m2\repository\com\fasterxml\jackson\module\jackson-module-parameter-names\2.17.2\jackson-module-parameter-names-2.17.2.jar;C:\Users\Pham Sy Chien\.m2\repository\org\springframework\boot\spring-boot-starter-tomcat\3.3.2-SNAPSHOT\spring-boot-starter-tomcat-3.3.2-SNAPSHOT.jar;C:\Users\Pham Sy Chien\.m2\repository\org\apache\tomcat\embed\tomcat-embed-core\10.1.26\tomcat-embed-core-10.1.26.jar;C:\Users\Pham Sy Chien\.m2\repository\org\apache\tomcat\embed\tomcat-embed-el\10.1.26\tomcat-embed-el-10.1.26.jar;C:\Users\Pham Sy Chien\.m2\repository\org\apache\tomcat\embed\tomcat-embed-websocket\10.1.26\tomcat-embed-websocket-10.1.26.jar;C:\Users\Pham Sy Chien\.m2\repository\org\springframework\spring-web\6.1.11\spring-web-6.1.11.jar;C:\Users\Pham Sy Chien\.m2\repository\org\springframework\spring-beans\6.1.11\spring-beans-6.1.11.jar;C:\Users\Pham Sy Chien\.m2\repository\io\micrometer\micrometer-observation\1.13.2\micrometer-observation-1.13.2.jar;C:\Users\Pham Sy Chien\.m2\repository\io\micrometer\micrometer-commons\1.13.2\micrometer-commons-1.13.2.jar;C:\Users\Pham Sy Chien\.m2\repository\org\springframework\spring-webmvc\6.1.11\spring-webmvc-6.1.11.jar;C:\Users\Pham Sy Chien\.m2\repository\org\springframework\spring-aop\6.1.11\spring-aop-6.1.11.jar;C:\Users\Pham Sy Chien\.m2\repository\org\springframework\spring-context\6.1.11\spring-context-6.1.11.jar;C:\Users\Pham Sy Chien\.m2\repository\org\springframework\spring-expression\6.1.11\spring-expression-6.1.11.jar;C:\Users\Pham Sy Chien\.m2\repository\org\springframework\boot\spring-boot-starter-test\3.3.2-SNAPSHOT\spring-boot-starter-test-3.3.2-SNAPSHOT.jar;C:\Users\Pham Sy Chien\.m2\repository\org\springframework\boot\spring-boot-test\3.3.2-SNAPSHOT\spring-boot-test-3.3.2-SNAPSHOT.jar;C:\Users\Pham Sy Chien\.m2\repository\org\springframework\boot\spring-boot-test-autoconfigure\3.3.2-SNAPSHOT\spring-boot-test-autoconfigure-3.3.2-SNAPSHOT.jar;C:\Users\Pham Sy Chien\.m2\repository\com\jayway\jsonpath\json-path\2.9.0\json-path-2.9.0.jar;C:\Users\Pham Sy Chien\.m2\repository\org\slf4j\slf4j-api\2.0.13\slf4j-api-2.0.13.jar;C:\Users\Pham Sy Chien\.m2\repository\jakarta\xml\bind\jakarta.xml.bind-api\4.0.2\jakarta.xml.bind-api-4.0.2.jar;C:\Users\Pham Sy Chien\.m2\repository\jakarta\activation\jakarta.activation-api\2.1.3\jakarta.activation-api-2.1.3.jar;C:\Users\Pham Sy Chien\.m2\repository\net\minidev\json-smart\2.5.1\json-smart-2.5.1.jar;C:\Users\Pham Sy Chien\.m2\repository\net\minidev\accessors-smart\2.5.1\accessors-smart-2.5.1.jar;C:\Users\Pham Sy Chien\.m2\repository\org\ow2\asm\asm\9.6\asm-9.6.jar;C:\Users\Pham Sy Chien\.m2\repository\org\assertj\assertj-core\3.25.3\assertj-core-3.25.3.jar;C:\Users\Pham Sy Chien\.m2\repository\net\bytebuddy\byte-buddy\1.14.18\byte-buddy-1.14.18.jar;C:\Users\Pham Sy Chien\.m2\repository\org\awaitility\awaitility\4.2.1\awaitility-4.2.1.jar;C:\Users\Pham Sy Chien\.m2\repository\org\hamcrest\hamcrest\2.2\hamcrest-2.2.jar;C:\Users\Pham Sy Chien\.m2\repository\org\junit\jupiter\junit-jupiter\5.10.3\junit-jupiter-5.10.3.jar;C:\Users\Pham Sy Chien\.m2\repository\org\junit\jupiter\junit-jupiter-api\5.10.3\junit-jupiter-api-5.10.3.jar;C:\Users\Pham Sy Chien\.m2\repository\org\opentest4j\opentest4j\1.3.0\opentest4j-1.3.0.jar;C:\Users\Pham Sy Chien\.m2\repository\org\junit\platform\junit-platform-commons\1.10.3\junit-platform-commons-1.10.3.jar;C:\Users\Pham Sy Chien\.m2\repository\org\apiguardian\apiguardian-api\1.1.2\apiguardian-api-1.1.2.jar;C:\Users\Pham Sy Chien\.m2\repository\org\junit\jupiter\junit-jupiter-params\5.10.3\junit-jupiter-params-5.10.3.jar;C:\Users\Pham Sy Chien\.m2\repository\org\junit\jupiter\junit-jupiter-engine\5.10.3\junit-jupiter-engine-5.10.3.jar;C:\Users\Pham Sy Chien\.m2\repository\org\junit\platform\junit-platform-engine\1.10.3\junit-platform-engine-1.10.3.jar;C:\Users\Pham Sy Chien\.m2\repository\org\mockito\mockito-core\5.11.0\mockito-core-5.11.0.jar;C:\Users\Pham Sy Chien\.m2\repository\net\bytebuddy\byte-buddy-agent\1.14.18\byte-buddy-agent-1.14.18.jar;C:\Users\Pham Sy Chien\.m2\repository\org\objenesis\objenesis\3.3\objenesis-3.3.jar;C:\Users\Pham Sy Chien\.m2\repository\org\mockito\mockito-junit-jupiter\5.11.0\mockito-junit-jupiter-5.11.0.jar;C:\Users\Pham Sy Chien\.m2\repository\org\skyscreamer\jsonassert\1.5.3\jsonassert-1.5.3.jar;C:\Users\Pham Sy Chien\.m2\repository\com\vaadin\external\google\android-json\0.0.20131108.vaadin1\android-json-0.0.20131108.vaadin1.jar;C:\Users\Pham Sy Chien\.m2\repository\org\springframework\spring-core\6.1.11\spring-core-6.1.11.jar;C:\Users\Pham Sy Chien\.m2\repository\org\springframework\spring-jcl\6.1.11\spring-jcl-6.1.11.jar;C:\Users\Pham Sy Chien\.m2\repository\org\springframework\spring-test\6.1.11\spring-test-6.1.11.jar;C:\Users\Pham Sy Chien\.m2\repository\org\xmlunit\xmlunit-core\2.9.1\xmlunit-core-2.9.1.jar;"/>
    <property name="sun.cpu.endian" value="little"/>
    <property name="user.home" value="C:\Users\Pham Sy Chien"/>
    <property name="user.language" value="en"/>
    <property name="java.specification.vendor" value="Oracle Corporation"/>
    <property name="java.version.date" value="2024-07-16"/>
    <property name="java.home" value="C:\Program Files\Java\jdk-17"/>
    <property name="file.separator" value="\"/>
    <property name="basedir" value="D:\demorabbit"/>
    <property name="java.vm.compressedOopsMode" value="32-bit"/>
    <property name="line.separator" value="&#10;"/>
    <property name="java.vm.specification.vendor" value="Oracle Corporation"/>
    <property name="java.specification.name" value="Java Platform API Specification"/>
    <property name="FILE_LOG_CHARSET" value="windows-1252"/>
    <property name="java.awt.headless" value="true"/>
    <property name="surefire.real.class.path" value="C:\Users\Pham Sy Chien\AppData\Local\Temp\surefire12149980716841152587\surefirebooter-20240716231643650_3.jar"/>
    <property name="user.script" value=""/>
    <property name="sun.management.compiler" value="HotSpot 64-Bit Tiered Compilers"/>
    <property name="java.runtime.version" value="17.0.12+8-LTS-286"/>
    <property name="user.name" value="Pham Sy Chien"/>
    <property name="path.separator" value=";"/>
    <property name="os.version" value="10.0"/>
    <property name="java.runtime.name" value="Java(TM) SE Runtime Environment"/>
    <property name="file.encoding" value="Cp1252"/>
    <property name="java.vm.name" value="Java HotSpot(TM) 64-Bit Server VM"/>
    <property name="localRepository" value="C:\Users\Pham Sy Chien\.m2\repository"/>
    <property name="java.vendor.url.bug" value="https://bugreport.java.com/bugreport/"/>
    <property name="java.io.tmpdir" value="C:\Users\PHAMSY~1\AppData\Local\Temp\"/>
    <property name="java.version" value="17.0.12"/>
    <property name="user.dir" value="D:\demorabbit"/>
    <property name="os.arch" value="amd64"/>
    <property name="java.vm.specification.name" value="Java Virtual Machine Specification"/>
    <property name="PID" value="8268"/>
    <property name="sun.os.patch.level" value=""/>
    <property name="CONSOLE_LOG_CHARSET" value="windows-1252"/>
    <property name="native.encoding" value="Cp1252"/>
    <property name="java.library.path" value="C:\Program Files\Java\jdk-17\bin;C:\Windows\Sun\Java\bin;C:\Windows\system32;C:\Windows;C:\Program Files\Common Files\Oracle\Java\javapath;C:\Program Files (x86)\Common Files\Oracle\Java\javapath;C:\Windows\system32;C:\Windows;C:\Windows\System32\Wbem;C:\Windows\System32\WindowsPowerShell\v1.0\;C:\Windows\System32\OpenSSH\;C:\Program Files\Microsoft SQL Server\Client SDK\ODBC\170\Tools\Binn\;C:\Program Files (x86)\Microsoft SQL Server\150\Tools\Binn\;C:\Program Files\Microsoft SQL Server\150\Tools\Binn\;C:\Program Files\Microsoft SQL Server\150\DTS\Binn\;C:\Program Files (x86)\Microsoft SQL Server\150\DTS\Binn\;C:\Program Files\Azure Data Studio\bin;C:\Program Files\Java\jdk-17\bin;C:\Maven\apache-maven-3.6.3\bin;C:\Maven\apache-maven-3.6.3\bin;C:\Program Files (x86)\dotnet\;C:\Program Files\Git\cmd;C:\ProgramData\chocolatey\bin;C:\HashiCorp\Vagrant\bin;C:\Program Files\nodejs\;C:\ProgramData\ComposerSetup\bin;C:\Program Files\Docker\Docker\resources\bin;C:\Users\Pham Sy Chien\AppData\Local\Microsoft\WindowsApps;C:\Program Files\Azure Data Studio\bin;C:\Users\Pham Sy Chien\AppData\Local\Programs\Microsoft VS Code\bin;C:\Program Files\Oracle\VirtualBox;C:\Users\Pham Sy Chien\AppData\Roaming\npm;C:\xampp\php;C:\Users\Pham Sy Chien\AppData\Roaming\Composer\vendor\bin;."/>
    <property name="java.vm.info" value="mixed mode, sharing"/>
    <property name="java.vendor" value="Oracle Corporation"/>
    <property name="java.vm.version" value="17.0.12+8-LTS-286"/>
    <property name="sun.io.unicode.encoding" value="UnicodeLittle"/>
    <property name="java.class.version" value="61.0"/>
    <property name="LOGGED_APPLICATION_NAME" value="[demorabbit] "/>
  </properties>
  <testcase name="contextLoads" classname="com.example.demorabbit.DemorabbitApplicationTests" time="1.371">
    <system-out><![CDATA[23:16:45.077 [main] INFO org.springframework.test.context.support.AnnotationConfigContextLoaderUtils -- Could not detect default configuration classes for test class [com.example.demorabbit.DemorabbitApplicationTests]: DemorabbitApplicationTests does not declare any static, non-private, non-final, nested classes annotated with @Configuration.
23:16:45.264 [main] INFO org.springframework.boot.test.context.SpringBootTestContextBootstrapper -- Found @SpringBootConfiguration com.example.demorabbit.DemorabbitApplication for test class com.example.demorabbit.DemorabbitApplicationTests

  .   ____          _            __ _ _
 /\\ / ___'_ __ _ _(_)_ __  __ _ \ \ \ \
( ( )\___ | '_ | '_| | '_ \/ _` | \ \ \ \
 \\/  ___)| |_)| | | | | || (_| |  ) ) ) )
  '  |____| .__|_| |_|_| |_\__, | / / / /
 =========|_|==============|___/=/_/_/_/

 :: Spring Boot ::       (v3.3.2-SNAPSHOT)

2024-07-16T23:16:45.922+07:00  INFO 8268 --- [demorabbit] [           main] c.e.d.DemorabbitApplicationTests         : Starting DemorabbitApplicationTests using Java 17.0.12 with PID 8268 (started by Pham Sy Chien in D:\demorabbit)
2024-07-16T23:16:45.923+07:00  INFO 8268 --- [demorabbit] [           main] c.e.d.DemorabbitApplicationTests         : No active profile set, falling back to 1 default profile: "default"
2024-07-16T23:16:47.514+07:00  INFO 8268 --- [demorabbit] [           main] c.e.d.DemorabbitApplicationTests         : Started DemorabbitApplicationTests in 2.005 seconds (process running for 3.594)
]]></system-out>
  </testcase>
</testsuite>